<?xml version="1.0" encoding="UTF-8"?>
<!-- Generated by org.testng.reporters.JUnitReportReporter -->
<testsuite hostname="Vatsal-PC" failures="0" tests="2" name="ApiTest" time="1.893" errors="0" timestamp="2022-07-08T19:33:49 IST" skipped="0">
  <testcase classname="ApiTest" name="test2" time="0.192"/>
  <system-out/>
  <testcase classname="ApiTest" name="test1" time="1.701"/>
  <system-out/>
</testsuite> <!-- ApiTest -->
